{"C:\\Users\\Noemi\\Desktop\\BP_Curso\\semana_2\\jueves\\practica-node\\ts-proyect-1\\dist\\entidades\\Factura.js": {"path":"C:\\Users\\Noemi\\Desktop\\BP_Curso\\semana_2\\jueves\\practica-node\\ts-proyect-1\\dist\\entidades\\Factura.js","statementMap":{"0":{"start":{"line":2,"column":0},"end":{"line":2,"column":62}},"1":{"start":{"line":3,"column":0},"end":{"line":3,"column":27}},"2":{"start":{"line":5,"column":31},"end":{"line":49,"column":3}},"3":{"start":{"line":7,"column":8},"end":{"line":7,"column":20}},"4":{"start":{"line":8,"column":8},"end":{"line":8,"column":40}},"5":{"start":{"line":9,"column":8},"end":{"line":9,"column":25}},"6":{"start":{"line":10,"column":8},"end":{"line":10,"column":28}},"7":{"start":{"line":11,"column":8},"end":{"line":11,"column":32}},"8":{"start":{"line":12,"column":8},"end":{"line":12,"column":43}},"9":{"start":{"line":13,"column":8},"end":{"line":13,"column":21}},"10":{"start":{"line":14,"column":8},"end":{"line":14,"column":28}},"11":{"start":{"line":15,"column":8},"end":{"line":15,"column":40}},"12":{"start":{"line":17,"column":4},"end":{"line":23,"column":6}},"13":{"start":{"line":18,"column":26},"end":{"line":18,"column":27}},"14":{"start":{"line":19,"column":8},"end":{"line":21,"column":11}},"15":{"start":{"line":20,"column":12},"end":{"line":20,"column":52}},"16":{"start":{"line":22,"column":8},"end":{"line":22,"column":27}},"17":{"start":{"line":24,"column":4},"end":{"line":27,"column":6}},"18":{"start":{"line":25,"column":20},"end":{"line":25,"column":40}},"19":{"start":{"line":26,"column":8},"end":{"line":26,"column":50}},"20":{"start":{"line":28,"column":4},"end":{"line":44,"column":6}},"21":{"start":{"line":29,"column":18},"end":{"line":29,"column":23}},"22":{"start":{"line":30,"column":8},"end":{"line":40,"column":9}},"23":{"start":{"line":31,"column":12},"end":{"line":39,"column":15}},"24":{"start":{"line":32,"column":16},"end":{"line":38,"column":17}},"25":{"start":{"line":33,"column":20},"end":{"line":33,"column":184}},"26":{"start":{"line":34,"column":20},"end":{"line":34,"column":55}},"27":{"start":{"line":35,"column":20},"end":{"line":35,"column":66}},"28":{"start":{"line":36,"column":20},"end":{"line":36,"column":31}},"29":{"start":{"line":37,"column":20},"end":{"line":37,"column":27}},"30":{"start":{"line":41,"column":8},"end":{"line":43,"column":9}},"31":{"start":{"line":42,"column":12},"end":{"line":42,"column":38}},"32":{"start":{"line":45,"column":4},"end":{"line":47,"column":6}},"33":{"start":{"line":46,"column":8},"end":{"line":46,"column":583}},"34":{"start":{"line":46,"column":365},"end":{"line":46,"column":397}},"35":{"start":{"line":48,"column":4},"end":{"line":48,"column":21}},"36":{"start":{"line":50,"column":0},"end":{"line":50,"column":30}}},"fnMap":{"0":{"name":"(anonymous_0)","decl":{"start":{"line":5,"column":31},"end":{"line":5,"column":32}},"loc":{"start":{"line":5,"column":43},"end":{"line":49,"column":1}},"line":5},"1":{"name":"FaturaImp","decl":{"start":{"line":6,"column":13},"end":{"line":6,"column":22}},"loc":{"start":{"line":6,"column":25},"end":{"line":16,"column":5}},"line":6},"2":{"name":"(anonymous_2)","decl":{"start":{"line":17,"column":40},"end":{"line":17,"column":41}},"loc":{"start":{"line":17,"column":52},"end":{"line":23,"column":5}},"line":17},"3":{"name":"(anonymous_3)","decl":{"start":{"line":19,"column":31},"end":{"line":19,"column":32}},"loc":{"start":{"line":19,"column":51},"end":{"line":21,"column":9}},"line":19},"4":{"name":"(anonymous_4)","decl":{"start":{"line":24,"column":44},"end":{"line":24,"column":45}},"loc":{"start":{"line":24,"column":56},"end":{"line":27,"column":5}},"line":24},"5":{"name":"(anonymous_5)","decl":{"start":{"line":28,"column":41},"end":{"line":28,"column":42}},"loc":{"start":{"line":28,"column":57},"end":{"line":44,"column":5}},"line":28},"6":{"name":"(anonymous_6)","decl":{"start":{"line":31,"column":31},"end":{"line":31,"column":32}},"loc":{"start":{"line":31,"column":51},"end":{"line":39,"column":13}},"line":31},"7":{"name":"(anonymous_7)","decl":{"start":{"line":45,"column":42},"end":{"line":45,"column":43}},"loc":{"start":{"line":45,"column":54},"end":{"line":47,"column":5}},"line":45},"8":{"name":"(anonymous_8)","decl":{"start":{"line":46,"column":343},"end":{"line":46,"column":344}},"loc":{"start":{"line":46,"column":363},"end":{"line":46,"column":399}},"line":46}},"branchMap":{"0":{"loc":{"start":{"line":30,"column":8},"end":{"line":40,"column":9}},"type":"if","locations":[{"start":{"line":30,"column":8},"end":{"line":40,"column":9}},{"start":{},"end":{}}],"line":30},"1":{"loc":{"start":{"line":32,"column":16},"end":{"line":38,"column":17}},"type":"if","locations":[{"start":{"line":32,"column":16},"end":{"line":38,"column":17}},{"start":{},"end":{}}],"line":32},"2":{"loc":{"start":{"line":41,"column":8},"end":{"line":43,"column":9}},"type":"if","locations":[{"start":{"line":41,"column":8},"end":{"line":43,"column":9}},{"start":{},"end":{}}],"line":41}},"s":{"0":1,"1":1,"2":1,"3":4,"4":4,"5":4,"6":4,"7":4,"8":4,"9":4,"10":4,"11":4,"12":1,"13":4,"14":4,"15":4,"16":4,"17":1,"18":2,"19":2,"20":1,"21":5,"22":5,"23":3,"24":4,"25":1,"26":1,"27":1,"28":1,"29":1,"30":5,"31":4,"32":1,"33":1,"34":0,"35":1,"36":1},"f":{"0":1,"1":4,"2":4,"3":4,"4":2,"5":5,"6":4,"7":1,"8":0},"b":{"0":[3,2],"1":[1,3],"2":[4,1]},"inputSourceMap":null,"_coverageSchema":"1a1c01bbd47fc00a2c39e90264f33305004495a9","hash":"50f33b6fb3e04da9d857613bc31d31ba5fd4d7e4"}
,"C:\\Users\\Noemi\\Desktop\\BP_Curso\\semana_2\\jueves\\practica-node\\ts-proyect-1\\dist\\entidades\\Producto.js": {"path":"C:\\Users\\Noemi\\Desktop\\BP_Curso\\semana_2\\jueves\\practica-node\\ts-proyect-1\\dist\\entidades\\Producto.js","statementMap":{"0":{"start":{"line":2,"column":0},"end":{"line":2,"column":62}},"1":{"start":{"line":3,"column":0},"end":{"line":3,"column":29}},"2":{"start":{"line":4,"column":25},"end":{"line":4,"column":65}},"3":{"start":{"line":5,"column":33},"end":{"line":31,"column":3}},"4":{"start":{"line":7,"column":8},"end":{"line":7,"column":20}},"5":{"start":{"line":8,"column":8},"end":{"line":8,"column":40}},"6":{"start":{"line":9,"column":8},"end":{"line":9,"column":25}},"7":{"start":{"line":10,"column":8},"end":{"line":10,"column":25}},"8":{"start":{"line":11,"column":8},"end":{"line":11,"column":32}},"9":{"start":{"line":12,"column":8},"end":{"line":12,"column":26}},"10":{"start":{"line":13,"column":8},"end":{"line":13,"column":40}},"11":{"start":{"line":15,"column":4},"end":{"line":17,"column":6}},"12":{"start":{"line":16,"column":8},"end":{"line":16,"column":51}},"13":{"start":{"line":18,"column":4},"end":{"line":20,"column":6}},"14":{"start":{"line":19,"column":8},"end":{"line":19,"column":169}},"15":{"start":{"line":21,"column":4},"end":{"line":29,"column":6}},"16":{"start":{"line":22,"column":8},"end":{"line":28,"column":9}},"17":{"start":{"line":23,"column":12},"end":{"line":23,"column":55}},"18":{"start":{"line":24,"column":12},"end":{"line":24,"column":24}},"19":{"start":{"line":27,"column":12},"end":{"line":27,"column":25}},"20":{"start":{"line":30,"column":4},"end":{"line":30,"column":23}},"21":{"start":{"line":32,"column":0},"end":{"line":32,"column":34}}},"fnMap":{"0":{"name":"(anonymous_0)","decl":{"start":{"line":5,"column":33},"end":{"line":5,"column":34}},"loc":{"start":{"line":5,"column":45},"end":{"line":31,"column":1}},"line":5},"1":{"name":"ProductoImp","decl":{"start":{"line":6,"column":13},"end":{"line":6,"column":24}},"loc":{"start":{"line":6,"column":27},"end":{"line":14,"column":5}},"line":6},"2":{"name":"(anonymous_2)","decl":{"start":{"line":15,"column":42},"end":{"line":15,"column":43}},"loc":{"start":{"line":15,"column":54},"end":{"line":17,"column":5}},"line":15},"3":{"name":"(anonymous_3)","decl":{"start":{"line":18,"column":42},"end":{"line":18,"column":43}},"loc":{"start":{"line":18,"column":54},"end":{"line":20,"column":5}},"line":18},"4":{"name":"(anonymous_4)","decl":{"start":{"line":21,"column":44},"end":{"line":21,"column":45}},"loc":{"start":{"line":21,"column":56},"end":{"line":29,"column":5}},"line":21}},"branchMap":{"0":{"loc":{"start":{"line":22,"column":8},"end":{"line":28,"column":9}},"type":"if","locations":[{"start":{"line":22,"column":8},"end":{"line":28,"column":9}},{"start":{"line":26,"column":13},"end":{"line":28,"column":9}}],"line":22}},"s":{"0":2,"1":2,"2":2,"3":2,"4":11,"5":11,"6":11,"7":11,"8":11,"9":11,"10":11,"11":2,"12":10,"13":2,"14":2,"15":2,"16":2,"17":1,"18":1,"19":1,"20":2,"21":2},"f":{"0":2,"1":11,"2":10,"3":2,"4":2},"b":{"0":[1,1]},"inputSourceMap":null,"_coverageSchema":"1a1c01bbd47fc00a2c39e90264f33305004495a9","hash":"295318f8937bc8d43666707f5d6b41edb0462c5b"}
,"C:\\Users\\Noemi\\Desktop\\BP_Curso\\semana_2\\jueves\\practica-node\\ts-proyect-1\\dist\\utilities\\global.functions.js": {"path":"C:\\Users\\Noemi\\Desktop\\BP_Curso\\semana_2\\jueves\\practica-node\\ts-proyect-1\\dist\\utilities\\global.functions.js","statementMap":{"0":{"start":{"line":2,"column":0},"end":{"line":2,"column":62}},"1":{"start":{"line":3,"column":0},"end":{"line":3,"column":24}},"2":{"start":{"line":5,"column":13},"end":{"line":7,"column":1}},"3":{"start":{"line":6,"column":4},"end":{"line":6,"column":47}},"4":{"start":{"line":8,"column":0},"end":{"line":8,"column":24}}},"fnMap":{"0":{"name":"(anonymous_0)","decl":{"start":{"line":5,"column":13},"end":{"line":5,"column":14}},"loc":{"start":{"line":5,"column":25},"end":{"line":7,"column":1}},"line":5}},"branchMap":{},"s":{"0":2,"1":2,"2":2,"3":1,"4":2},"f":{"0":1},"b":{},"inputSourceMap":null,"_coverageSchema":"1a1c01bbd47fc00a2c39e90264f33305004495a9","hash":"857406d4edeb01854592f0c3eb0d033052b4b14c"}
,"C:\\Users\\Noemi\\Desktop\\BP_Curso\\semana_2\\jueves\\practica-node\\ts-proyect-1\\src\\entidades\\Factura.ts": {"path":"C:\\Users\\Noemi\\Desktop\\BP_Curso\\semana_2\\jueves\\practica-node\\ts-proyect-1\\src\\entidades\\Factura.ts","statementMap":{"0":{"start":{"line":5,"column":0},"end":{"line":5,"column":13}},"1":{"start":{"line":6,"column":9},"end":{"line":6,"column":33}},"2":{"start":{"line":7,"column":9},"end":{"line":7,"column":42}},"3":{"start":{"line":8,"column":9},"end":{"line":8,"column":29}},"4":{"start":{"line":9,"column":9},"end":{"line":9,"column":32}},"5":{"start":{"line":10,"column":9},"end":{"line":10,"column":36}},"6":{"start":{"line":11,"column":9},"end":{"line":11,"column":45}},"7":{"start":{"line":13,"column":9},"end":{"line":13,"column":25}},"8":{"start":{"line":14,"column":9},"end":{"line":14,"column":39}},"9":{"start":{"line":17,"column":4},"end":{"line":17,"column":36}},"10":{"start":{"line":19,"column":9},"end":{"line":25,"column":null}},"11":{"start":{"line":20,"column":22},"end":{"line":20,"column":23}},"12":{"start":{"line":21,"column":4},"end":{"line":23,"column":7}},"13":{"start":{"line":22,"column":6},"end":{"line":22,"column":46}},"14":{"start":{"line":24,"column":4},"end":{"line":24,"column":23}},"15":{"start":{"line":27,"column":9},"end":{"line":30,"column":null}},"16":{"start":{"line":28,"column":16},"end":{"line":28,"column":36}},"17":{"start":{"line":29,"column":4},"end":{"line":29,"column":46}},"18":{"start":{"line":32,"column":9},"end":{"line":49,"column":null}},"19":{"start":{"line":33,"column":23},"end":{"line":33,"column":28}},"20":{"start":{"line":35,"column":4},"end":{"line":45,"column":null}},"21":{"start":{"line":36,"column":6},"end":{"line":44,"column":9}},"22":{"start":{"line":37,"column":8},"end":{"line":43,"column":null}},"23":{"start":{"line":38,"column":10},"end":{"line":38,"column":144}},"24":{"start":{"line":39,"column":10},"end":{"line":39,"column":45}},"25":{"start":{"line":40,"column":10},"end":{"line":40,"column":56}},"26":{"start":{"line":41,"column":10},"end":{"line":41,"column":21}},"27":{"start":{"line":42,"column":10},"end":{"line":42,"column":17}},"28":{"start":{"line":46,"column":4},"end":{"line":48,"column":null}},"29":{"start":{"line":47,"column":6},"end":{"line":47,"column":32}},"30":{"start":{"line":51,"column":9},"end":{"line":53,"column":null}},"31":{"start":{"line":52,"column":4},"end":{"line":52,"column":481}},"32":{"start":{"line":52,"column":306},"end":{"line":52,"column":331}},"33":{"start":{"line":54,"column":0},"end":{"line":54,"column":null}},"34":{"start":{"line":5,"column":13},"end":{"line":5,"column":22}}},"fnMap":{"0":{"name":"(anonymous_0)","decl":{"start":{"line":5,"column":0},"end":{"line":5,"column":13}},"loc":{"start":{"line":5,"column":0},"end":{"line":54,"column":null}}},"1":{"name":"FaturaImp","decl":{"start":{"line":16,"column":2},"end":{"line":16,"column":null}},"loc":{"start":{"line":16,"column":2},"end":{"line":18,"column":3}}},"2":{"name":"(anonymous_2)","decl":{"start":{"line":19,"column":2},"end":{"line":19,"column":9}},"loc":{"start":{"line":19,"column":2},"end":{"line":25,"column":3}}},"3":{"name":"(anonymous_3)","decl":{"start":{"line":21,"column":27},"end":{"line":21,"column":28}},"loc":{"start":{"line":21,"column":36},"end":{"line":23,"column":5}}},"4":{"name":"(anonymous_4)","decl":{"start":{"line":27,"column":2},"end":{"line":27,"column":9}},"loc":{"start":{"line":27,"column":2},"end":{"line":30,"column":3}}},"5":{"name":"(anonymous_5)","decl":{"start":{"line":32,"column":2},"end":{"line":32,"column":9}},"loc":{"start":{"line":32,"column":41},"end":{"line":49,"column":3}}},"6":{"name":"(anonymous_6)","decl":{"start":{"line":36,"column":25},"end":{"line":36,"column":26}},"loc":{"start":{"line":36,"column":34},"end":{"line":44,"column":7}}},"7":{"name":"(anonymous_7)","decl":{"start":{"line":51,"column":2},"end":{"line":51,"column":9}},"loc":{"start":{"line":51,"column":2},"end":{"line":53,"column":3}}},"8":{"name":"(anonymous_8)","decl":{"start":{"line":52,"column":292},"end":{"line":52,"column":293}},"loc":{"start":{"line":52,"column":301},"end":{"line":52,"column":314}}}},"branchMap":{"0":{"loc":{"start":{"line":35,"column":4},"end":{"line":45,"column":null}},"type":"if","locations":[{"start":{"line":35,"column":4},"end":{"line":45,"column":null}}]},"1":{"loc":{"start":{"line":37,"column":8},"end":{"line":43,"column":null}},"type":"if","locations":[{"start":{"line":37,"column":8},"end":{"line":43,"column":null}}]},"2":{"loc":{"start":{"line":46,"column":4},"end":{"line":48,"column":null}},"type":"if","locations":[{"start":{"line":46,"column":4},"end":{"line":48,"column":null}}]}},"s":{"0":1,"1":4,"2":4,"3":4,"4":4,"5":4,"6":4,"7":4,"8":4,"9":4,"10":1,"11":4,"12":4,"13":4,"14":4,"15":1,"16":2,"17":2,"18":1,"19":5,"20":5,"21":3,"22":4,"23":1,"24":1,"25":1,"26":1,"27":1,"28":5,"29":4,"30":1,"31":1,"32":0,"33":1,"34":1},"f":{"0":1,"1":4,"2":4,"3":4,"4":2,"5":5,"6":4,"7":1,"8":0},"b":{"0":[3],"1":[1],"2":[4]}}
,"C:\\Users\\Noemi\\Desktop\\BP_Curso\\semana_2\\jueves\\practica-node\\ts-proyect-1\\src\\entidades\\Producto.ts": {"path":"C:\\Users\\Noemi\\Desktop\\BP_Curso\\semana_2\\jueves\\practica-node\\ts-proyect-1\\src\\entidades\\Producto.ts","statementMap":{"0":{"start":{"line":2,"column":0},"end":{"line":2,"column":55}},"1":{"start":{"line":4,"column":0},"end":{"line":4,"column":13}},"2":{"start":{"line":5,"column":2},"end":{"line":5,"column":26}},"3":{"start":{"line":6,"column":2},"end":{"line":6,"column":29}},"4":{"start":{"line":7,"column":2},"end":{"line":7,"column":22}},"5":{"start":{"line":8,"column":2},"end":{"line":8,"column":22}},"6":{"start":{"line":9,"column":2},"end":{"line":9,"column":29}},"7":{"start":{"line":10,"column":2},"end":{"line":10,"column":23}},"8":{"start":{"line":12,"column":4},"end":{"line":12,"column":36}},"9":{"start":{"line":15,"column":2},"end":{"line":17,"column":null}},"10":{"start":{"line":16,"column":4},"end":{"line":16,"column":47}},"11":{"start":{"line":18,"column":2},"end":{"line":21,"column":null}},"12":{"start":{"line":19,"column":4},"end":{"line":20,"column":38}},"13":{"start":{"line":23,"column":2},"end":{"line":30,"column":null}},"14":{"start":{"line":24,"column":4},"end":{"line":29,"column":null}},"15":{"start":{"line":25,"column":6},"end":{"line":25,"column":25}},"16":{"start":{"line":26,"column":6},"end":{"line":26,"column":18}},"17":{"start":{"line":28,"column":6},"end":{"line":28,"column":19}},"18":{"start":{"line":31,"column":0},"end":{"line":31,"column":null}},"19":{"start":{"line":4,"column":13},"end":{"line":4,"column":24}}},"fnMap":{"0":{"name":"(anonymous_0)","decl":{"start":{"line":4,"column":0},"end":{"line":4,"column":13}},"loc":{"start":{"line":4,"column":0},"end":{"line":31,"column":null}}},"1":{"name":"ProductoImp","decl":{"start":{"line":11,"column":2},"end":{"line":11,"column":null}},"loc":{"start":{"line":11,"column":2},"end":{"line":13,"column":3}}},"2":{"name":"(anonymous_2)","decl":{"start":{"line":15,"column":2},"end":{"line":15,"column":15}},"loc":{"start":{"line":15,"column":2},"end":{"line":17,"column":3}}},"3":{"name":"(anonymous_3)","decl":{"start":{"line":18,"column":2},"end":{"line":18,"column":15}},"loc":{"start":{"line":18,"column":2},"end":{"line":21,"column":3}}},"4":{"name":"(anonymous_4)","decl":{"start":{"line":23,"column":2},"end":{"line":23,"column":17}},"loc":{"start":{"line":23,"column":2},"end":{"line":30,"column":3}}}},"branchMap":{"0":{"loc":{"start":{"line":24,"column":4},"end":{"line":29,"column":null}},"type":"if","locations":[{"start":{"line":24,"column":4},"end":{"line":29,"column":null}},{"start":{"line":27,"column":11},"end":{"line":29,"column":null}}]}},"s":{"0":2,"1":2,"2":11,"3":11,"4":11,"5":11,"6":11,"7":11,"8":11,"9":2,"10":10,"11":2,"12":2,"13":2,"14":2,"15":1,"16":1,"17":1,"18":2,"19":2},"f":{"0":2,"1":11,"2":10,"3":2,"4":2},"b":{"0":[1,1]}}
,"C:\\Users\\Noemi\\Desktop\\BP_Curso\\semana_2\\jueves\\practica-node\\ts-proyect-1\\src\\utilities\\global.functions.ts": {"path":"C:\\Users\\Noemi\\Desktop\\BP_Curso\\semana_2\\jueves\\practica-node\\ts-proyect-1\\src\\utilities\\global.functions.ts","statementMap":{"0":{"start":{"line":2,"column":22},"end":{"line":4,"column":1}},"1":{"start":{"line":3,"column":4},"end":{"line":3,"column":47}},"2":{"start":{"line":2,"column":13},"end":{"line":2,"column":22}}},"fnMap":{"0":{"name":"(anonymous_0)","decl":{"start":{"line":2,"column":22},"end":{"line":2,"column":null}},"loc":{"start":{"line":2,"column":22},"end":{"line":4,"column":1}}}},"branchMap":{},"s":{"0":2,"1":1,"2":2},"f":{"0":1},"b":{}}
}
