TN:
SF:dist\entidades\Factura.js
FN:5,(anonymous_0)
FN:6,FaturaImp
FN:17,(anonymous_2)
FN:19,(anonymous_3)
FN:24,(anonymous_4)
FN:28,(anonymous_5)
FN:31,(anonymous_6)
FN:45,(anonymous_7)
FN:46,(anonymous_8)
FNF:9
FNH:8
FNDA:1,(anonymous_0)
FNDA:4,FaturaImp
FNDA:4,(anonymous_2)
FNDA:4,(anonymous_3)
FNDA:2,(anonymous_4)
FNDA:5,(anonymous_5)
FNDA:4,(anonymous_6)
FNDA:1,(anonymous_7)
FNDA:0,(anonymous_8)
DA:2,1
DA:3,1
DA:5,1
DA:7,4
DA:8,4
DA:9,4
DA:10,4
DA:11,4
DA:12,4
DA:13,4
DA:14,4
DA:15,4
DA:17,1
DA:18,4
DA:19,4
DA:20,4
DA:22,4
DA:24,1
DA:25,2
DA:26,2
DA:28,1
DA:29,5
DA:30,5
DA:31,3
DA:32,4
DA:33,1
DA:34,1
DA:35,1
DA:36,1
DA:37,1
DA:41,5
DA:42,4
DA:45,1
DA:46,1
DA:48,1
DA:50,1
LF:36
LH:36
BRDA:30,0,0,3
BRDA:30,0,1,2
BRDA:32,1,0,1
BRDA:32,1,1,3
BRDA:41,2,0,4
BRDA:41,2,1,1
BRF:6
BRH:6
end_of_record
TN:
SF:dist\entidades\Producto.js
FN:5,(anonymous_0)
FN:6,ProductoImp
FN:15,(anonymous_2)
FN:18,(anonymous_3)
FN:21,(anonymous_4)
FNF:5
FNH:5
FNDA:2,(anonymous_0)
FNDA:11,ProductoImp
FNDA:10,(anonymous_2)
FNDA:2,(anonymous_3)
FNDA:2,(anonymous_4)
DA:2,2
DA:3,2
DA:4,2
DA:5,2
DA:7,11
DA:8,11
DA:9,11
DA:10,11
DA:11,11
DA:12,11
DA:13,11
DA:15,2
DA:16,10
DA:18,2
DA:19,2
DA:21,2
DA:22,2
DA:23,1
DA:24,1
DA:27,1
DA:30,2
DA:32,2
LF:22
LH:22
BRDA:22,0,0,1
BRDA:22,0,1,1
BRF:2
BRH:2
end_of_record
TN:
SF:dist\utilities\global.functions.js
FN:5,(anonymous_0)
FNF:1
FNH:1
FNDA:1,(anonymous_0)
DA:2,2
DA:3,2
DA:5,2
DA:6,1
DA:8,2
LF:5
LH:5
BRF:0
BRH:0
end_of_record
TN:
SF:src\entidades\Factura.ts
FN:5,(anonymous_0)
FN:16,FaturaImp
FN:19,(anonymous_2)
FN:21,(anonymous_3)
FN:27,(anonymous_4)
FN:32,(anonymous_5)
FN:36,(anonymous_6)
FN:51,(anonymous_7)
FN:52,(anonymous_8)
FNF:9
FNH:8
FNDA:1,(anonymous_0)
FNDA:4,FaturaImp
FNDA:4,(anonymous_2)
FNDA:4,(anonymous_3)
FNDA:2,(anonymous_4)
FNDA:5,(anonymous_5)
FNDA:4,(anonymous_6)
FNDA:1,(anonymous_7)
FNDA:0,(anonymous_8)
DA:5,1
DA:6,4
DA:7,4
DA:8,4
DA:9,4
DA:10,4
DA:11,4
DA:13,4
DA:14,4
DA:17,4
DA:19,1
DA:20,4
DA:21,4
DA:22,4
DA:24,4
DA:27,1
DA:28,2
DA:29,2
DA:32,1
DA:33,5
DA:35,5
DA:36,3
DA:37,4
DA:38,1
DA:39,1
DA:40,1
DA:41,1
DA:42,1
DA:46,5
DA:47,4
DA:51,1
DA:52,1
DA:54,1
LF:33
LH:33
BRDA:35,0,0,3
BRDA:37,1,0,1
BRDA:46,2,0,4
BRF:3
BRH:3
end_of_record
TN:
SF:src\entidades\Producto.ts
FN:4,(anonymous_0)
FN:11,ProductoImp
FN:15,(anonymous_2)
FN:18,(anonymous_3)
FN:23,(anonymous_4)
FNF:5
FNH:5
FNDA:2,(anonymous_0)
FNDA:11,ProductoImp
FNDA:10,(anonymous_2)
FNDA:2,(anonymous_3)
FNDA:2,(anonymous_4)
DA:2,2
DA:4,2
DA:5,11
DA:6,11
DA:7,11
DA:8,11
DA:9,11
DA:10,11
DA:12,11
DA:15,2
DA:16,10
DA:18,2
DA:19,2
DA:23,2
DA:24,2
DA:25,1
DA:26,1
DA:28,1
DA:31,2
LF:19
LH:19
BRDA:24,0,0,1
BRDA:24,0,1,1
BRF:2
BRH:2
end_of_record
TN:
SF:src\utilities\global.functions.ts
FN:2,(anonymous_0)
FNF:1
FNH:1
FNDA:1,(anonymous_0)
DA:2,2
DA:3,1
LF:2
LH:2
BRF:0
BRH:0
end_of_record
